<?xml version="1.0" encoding="UTF-8"?>
<!-- Generated by org.testng.reporters.JUnitReportReporter -->
<testsuite hostname="LAPTOP-KCT1O6LP" failures="0" tests="4" name="tests.TestClass" time="84.335" errors="0" timestamp="25 Apr 2023 13:37:49 GMT" skipped="0">
  <testcase classname="tests.TestClass" name="test" time="0.027"/>
  <testcase classname="tests.TestClass" name="searchAutomation" time="17.615"/>
  <testcase classname="tests.TestClass" name="searchName" time="16.111"/>
  <testcase classname="tests.TestClass" name="loginTestCase" time="50.582"/>
</testsuite> <!-- tests.TestClass -->
