<?xml version="1.0" encoding="UTF-8"?>
<!-- Generated by org.testng.reporters.JUnitReportReporter -->
<testsuite hostname="LAPTOP-KCT1O6LP" failures="0" tests="1" name="tests.BaseClass" time="0.026" errors="0" timestamp="25 Apr 2023 13:35:42 GMT" skipped="0">
  <testcase classname="tests.BaseClass" name="test" time="0.026"/>
</testsuite> <!-- tests.BaseClass -->
